[debug] [2018-09-02T18:10:14.548Z] ----------------------------------------------------------------------
[debug] [2018-09-02T18:10:14.548Z] Command:       C:\Program Files\nodejs\node.exe C:\Users\moizy\AppData\Roaming\npm\node_modules\firebase-tools\bin\firebase init
[debug] [2018-09-02T18:10:14.548Z] CLI Version:   4.2.1
[debug] [2018-09-02T18:10:14.548Z] Platform:      win32
[debug] [2018-09-02T18:10:14.548Z] Node Version:  v8.11.3
[debug] [2018-09-02T18:10:14.548Z] Time:          Sun Sep 02 2018 23:10:14 GMT+0500 (Pakistan Standard Time)
[debug] [2018-09-02T18:10:14.548Z] ----------------------------------------------------------------------
[debug] 
[debug] [2018-09-02T18:10:14.563Z] > command requires scopes: ["email","openid","https://www.googleapis.com/auth/cloudplatformprojects.readonly","https://www.googleapis.com/auth/firebase"]
[debug] [2018-09-02T18:10:14.563Z] > authorizing via signed-in user
[info] 
     ######## #### ########  ######## ########     ###     ######  ########
     ##        ##  ##     ## ##       ##     ##  ##   ##  ##       ##
     ######    ##  ########  ######   ########  #########  ######  ######
     ##        ##  ##    ##  ##       ##     ## ##     ##       ## ##
     ##       #### ##     ## ######## ########  ##     ##  ######  ########

You're about to initialize a Firebase project in this directory:

  D:\Quiz App

[info] 
=== Project Setup
[info] 
[info] First, let's associate this project directory with a Firebase project.
[info] You can create multiple project aliases by running firebase use --add, 
[info] but for now we'll just set up a default project.
[info] 
[debug] [2018-09-02T18:10:19.868Z] > refreshing access token with scopes: ["email","https://www.googleapis.com/auth/cloudplatformprojects.readonly","https://www.googleapis.com/auth/firebase","openid"]
[debug] [2018-09-02T18:10:19.868Z] >>> HTTP REQUEST POST https://www.googleapis.com/oauth2/v3/token  

[debug] [2018-09-02T18:10:21.149Z] <<< HTTP RESPONSE 200
[debug] [2018-09-02T18:10:21.243Z] >>> HTTP REQUEST GET https://admin.firebase.com/v1/projects  
 
[debug] [2018-09-02T18:10:22.673Z] <<< HTTP RESPONSE 200
[info] 
=== Hosting Setup
[info] 
[info] Your public directory is the folder (relative to your project directory) that
[info] will contain Hosting assets to be uploaded with firebase deploy. If you
[info] have a build process for your assets, use your build's output directory.
[info] 
